<?xml version="1.0"?><coverage lines-covered="37" lines-valid="37" line-rate="1" branches-covered="0" branches-valid="0" branch-rate="0" complexity="0" version="1.9" timestamp="1778731547"><sources><source>/Users/jagadeesh/1nonly/drips/stellarlend/stellarlend-contracts/stellar-lend</source></sources><packages><package name="contracts/hello-world/src" line-rate="0" branch-rate="0" complexity="0"><classes></classes></package><package name="contracts/lending/src" line-rate="1" branch-rate="0" complexity="0"><classes><class name="lib" filename="contracts/lending/src/lib.rs" line-rate="1" branch-rate="0" complexity="0"><methods/><lines><line number="18" hits="7"/><line number="19" hits="28"/><line number="23" hits="1"/><line number="24" hits="4"/><line number="28" hits="4"/><line number="29" hits="8"/><line number="30" hits="8"/><line number="31" hits="24"/><line number="32" hits="8"/><line number="33" hits="16"/><line number="34" hits="4"/><line number="38" hits="1"/><line number="39" hits="2"/><line number="40" hits="2"/><line number="41" hits="6"/><line number="42" hits="2"/><line number="43" hits="4"/><line number="44" hits="1"/><line number="48" hits="3"/><line number="49" hits="6"/><line number="50" hits="6"/><line number="51" hits="18"/><line number="52" hits="6"/><line number="53" hits="12"/><line number="54" hits="3"/><line number="58" hits="1"/><line number="59" hits="2"/><line number="60" hits="2"/><line number="61" hits="6"/><line number="62" hits="2"/><line number="63" hits="4"/><line number="64" hits="1"/><line number="68" hits="2"/><line number="69" hits="6"/><line number="72" hits="4"/><line number="74" hits="6"/><line number="77" hits="4"/></lines></class></classes></package></packages></coverage>